2024-08-23 13:28:08 [SERVER] [INFO] Starting integrated minecraft server version 1.6.4
2024-08-23 13:28:08 [SERVER] [INFO] Generating keypair
2024-08-23 13:28:08 [SERVER] [INFO] Converting map!
2024-08-23 13:28:08 [SERVER] [INFO] Scanning folders...
2024-08-23 13:28:08 [SERVER] [INFO] Total conversion count is 0
2024-08-23 13:28:08 [SERVER] [INFO] Preparing start region for level 0
2024-08-23 13:28:09 [SERVER] [INFO] Preparing spawn area: 28%
2024-08-23 13:28:10 [SERVER] [INFO] Preparing spawn area: 54%
2024-08-23 13:28:11 [SERVER] [INFO] Preparing spawn area: 70%
2024-08-23 13:28:12 [SERVER] [INFO] Preparing spawn area: 85%
2024-08-23 13:28:13 [SERVER] [INFO] TypeUsernameHere[/127.0.0.1:0] logged in with entity id 198 at (-227.5, 62.0, 251.5)
2024-08-23 13:28:13 [SERVER] [INFO] TypeUsernameHere joined the game
2024-08-23 13:29:21 [SERVER] [INFO] Saving and pausing game...
2024-08-23 13:29:21 [SERVER] [INFO] Saving chunks for level 'New World'/Overworld
2024-08-23 13:29:21 [SERVER] [INFO] Saving chunks for level 'New World'/Nether
2024-08-23 13:29:21 [SERVER] [INFO] Saving chunks for level 'New World'/The End
2024-08-23 13:29:22 [SERVER] [INFO] Stopping server
2024-08-23 13:29:22 [SERVER] [INFO] Saving players
2024-08-23 13:29:22 [SERVER] [INFO] TypeUsernameHere left the game
2024-08-23 13:29:22 [SERVER] [INFO] Saving worlds
2024-08-23 13:29:22 [SERVER] [INFO] Saving chunks for level 'New World'/Overworld
2024-08-23 13:29:22 [SERVER] [INFO] Saving chunks for level 'New World'/Nether
2024-08-23 13:29:22 [SERVER] [INFO] Saving chunks for level 'New World'/The End
2024-08-23 13:31:16 [SERVER] [INFO] Starting integrated minecraft server version 1.6.4
2024-08-23 13:31:16 [SERVER] [INFO] Generating keypair
2024-08-23 13:31:16 [SERVER] [INFO] Preparing start region for level 0
2024-08-23 13:31:17 [SERVER] [INFO] OhThatYes[/127.0.0.1:0] logged in with entity id 544 at (-405.97870731960177, 63.0, 286.9026078483715)
2024-08-23 13:31:17 [SERVER] [INFO] OhThatYes joined the game
2024-08-23 13:31:20 [SERVER] [INFO] <OhThatYes> hey
2024-08-23 13:31:27 [SERVER] [INFO] Saving and pausing game...
2024-08-23 13:31:27 [SERVER] [INFO] Saving chunks for level 'New World'/Overworld
2024-08-23 13:31:27 [SERVER] [INFO] Saving chunks for level 'New World'/Nether
2024-08-23 13:31:27 [SERVER] [INFO] Saving chunks for level 'New World'/The End
2024-08-23 13:31:28 [SERVER] [INFO] Stopping server
2024-08-23 13:31:28 [SERVER] [INFO] Saving players
2024-08-23 13:31:28 [SERVER] [INFO] OhThatYes left the game
2024-08-23 13:31:28 [SERVER] [INFO] Saving worlds
2024-08-23 13:31:28 [SERVER] [INFO] Saving chunks for level 'New World'/Overworld
2024-08-23 13:31:28 [SERVER] [INFO] Saving chunks for level 'New World'/Nether
2024-08-23 13:31:28 [SERVER] [INFO] Saving chunks for level 'New World'/The End
2024-08-23 14:44:14 [SERVER] [INFO] Starting integrated minecraft server version 1.6.4
2024-08-23 14:44:14 [SERVER] [INFO] Generating keypair
2024-08-23 14:44:15 [SERVER] [INFO] Preparing start region for level 0
2024-08-23 14:44:15 [SERVER] [INFO] Type[/127.0.0.1:0] logged in with entity id 373 at (-427.0750207164435, 63.48071087633169, 299.0225037790741)
2024-08-23 14:44:15 [SERVER] [INFO] Type joined the game
2024-08-23 14:44:15 [SERVER] [INFO] Saving and pausing game...
2024-08-23 14:44:15 [SERVER] [INFO] Saving chunks for level 'New World'/Overworld
2024-08-23 14:44:16 [SERVER] [INFO] Saving chunks for level 'New World'/Nether
2024-08-23 14:44:16 [SERVER] [INFO] Saving chunks for level 'New World'/The End
2024-08-23 14:44:21 [SERVER] [INFO] <Type> hi
2024-08-23 14:44:28 [SERVER] [INFO] Saving and pausing game...
2024-08-23 14:44:29 [SERVER] [INFO] Saving chunks for level 'New World'/Overworld
2024-08-23 14:44:29 [SERVER] [INFO] Saving chunks for level 'New World'/Nether
2024-08-23 14:44:29 [SERVER] [INFO] Saving chunks for level 'New World'/The End
2024-08-23 14:44:39 [SERVER] [INFO] Stopping server
2024-08-23 14:44:39 [SERVER] [INFO] Saving players
2024-08-23 14:44:39 [SERVER] [INFO] Type left the game
2024-08-23 14:44:39 [SERVER] [INFO] Saving worlds
2024-08-23 14:44:39 [SERVER] [INFO] Saving chunks for level 'New World'/Overworld
2024-08-23 14:44:39 [SERVER] [INFO] Saving chunks for level 'New World'/Nether
2024-08-23 14:44:39 [SERVER] [INFO] Saving chunks for level 'New World'/The End
