2024-08-23 13:27:42 [CLIENT] [INFO] Setting user: TypeUsernameHere
2024-08-23 13:27:42 [CLIENT] [INFO] (Session ID is null)
2024-08-23 13:27:42 [CLIENT] [INFO] LWJGL Version: 2.9.0
2024-08-23 13:27:43 [CLIENT] [INFO] Reloading ResourceManager: Default
2024-08-23 13:27:43 [CLIENT] [SEVERE] Realms: Server not available!
2024-08-23 13:29:22 [CLIENT] [INFO] Stopping!
2024-08-23 13:31:02 [CLIENT] [INFO] Setting user: Type
2024-08-23 13:31:02 [CLIENT] [INFO] (Session ID is null)
2024-08-23 13:31:02 [CLIENT] [INFO] LWJGL Version: 2.9.0
2024-08-23 13:31:02 [CLIENT] [INFO] Reloading ResourceManager: Default
2024-08-23 13:31:03 [CLIENT] [SEVERE] Realms: Server not available!
2024-08-23 13:31:04 [CLIENT] [INFO] Stopping!
2024-08-23 13:31:13 [CLIENT] [INFO] Setting user: OhThatYes
2024-08-23 13:31:13 [CLIENT] [INFO] (Session ID is null)
2024-08-23 13:31:13 [CLIENT] [INFO] LWJGL Version: 2.9.0
2024-08-23 13:31:14 [CLIENT] [INFO] Reloading ResourceManager: Default
2024-08-23 13:31:15 [CLIENT] [SEVERE] Realms: Server not available!
2024-08-23 13:31:20 [CLIENT] [INFO] [CHAT] <OhThatYes> hey
2024-08-23 13:31:28 [CLIENT] [INFO] Stopping!
2024-08-23 13:37:10 [CLIENT] [INFO] Setting user: Type
2024-08-23 13:37:10 [CLIENT] [INFO] (Session ID is null)
2024-08-23 13:37:10 [CLIENT] [INFO] LWJGL Version: 2.9.0
2024-08-23 13:37:11 [CLIENT] [INFO] Reloading ResourceManager: Default
2024-08-23 13:37:11 [CLIENT] [SEVERE] Realms: Server not available!
2024-08-23 13:37:12 [CLIENT] [INFO] Stopping!
2024-08-23 14:05:13 [CLIENT] [INFO] Setting user: OhThatYes
2024-08-23 14:05:13 [CLIENT] [INFO] (Session ID is null)
2024-08-23 14:05:13 [CLIENT] [INFO] LWJGL Version: 2.9.0
2024-08-23 14:05:13 [CLIENT] [INFO] Reloading ResourceManager: Default
2024-08-23 14:05:14 [CLIENT] [SEVERE] Realms: Server not available!
2024-08-23 14:05:17 [CLIENT] [INFO] Stopping!
2024-08-23 14:44:11 [CLIENT] [INFO] Setting user: Type
2024-08-23 14:44:11 [CLIENT] [INFO] (Session ID is null)
2024-08-23 14:44:11 [CLIENT] [INFO] LWJGL Version: 2.9.0
2024-08-23 14:44:11 [CLIENT] [INFO] Reloading ResourceManager: Default
2024-08-23 14:44:12 [CLIENT] [SEVERE] Realms: Server not available!
2024-08-23 14:44:21 [CLIENT] [INFO] [CHAT] <Type> hi
2024-08-23 14:44:39 [CLIENT] [INFO] Stopping!
2025-01-14 11:33:42 [CLIENT] [INFO] Setting user: Type
2025-01-14 11:33:42 [CLIENT] [INFO] (Session ID is null)
2025-01-14 11:33:42 [CLIENT] [INFO] LWJGL Version: 2.9.0
2025-01-14 11:33:43 [CLIENT] [INFO] Reloading ResourceManager: Default
2025-01-14 11:33:44 [CLIENT] [SEVERE] Realms: Server not available!
2025-01-14 11:37:00 [CLIENT] [INFO] Stopping!
2025-01-14 11:41:28 [CLIENT] [INFO] Setting user: Type
2025-01-14 11:41:28 [CLIENT] [INFO] (Session ID is null)
2025-01-14 11:41:28 [CLIENT] [INFO] LWJGL Version: 2.9.0
2025-01-14 11:41:29 [CLIENT] [INFO] Reloading ResourceManager: Default
2025-01-14 11:41:30 [CLIENT] [SEVERE] Realms: Server not available!
2025-01-14 11:42:56 [CLIENT] [INFO] Setting user: Type
2025-01-14 11:42:56 [CLIENT] [INFO] (Session ID is null)
2025-01-14 11:42:56 [CLIENT] [INFO] LWJGL Version: 2.9.0
2025-01-14 11:42:57 [CLIENT] [INFO] Reloading ResourceManager: Default
2025-01-14 11:42:57 [CLIENT] [SEVERE] Realms: Server not available!
2025-01-14 11:42:59 [CLIENT] [INFO] Stopping!
2025-01-14 11:48:08 [CLIENT] [INFO] Setting user: Type
2025-01-14 11:48:08 [CLIENT] [INFO] (Session ID is null)
2025-01-14 11:48:08 [CLIENT] [INFO] LWJGL Version: 2.9.0
2025-01-14 11:48:09 [CLIENT] [INFO] Reloading ResourceManager: Default
2025-01-14 11:48:10 [CLIENT] [SEVERE] Realms: Server not available!
2025-01-14 11:48:16 [CLIENT] [INFO] Stopping!
2025-01-14 16:11:31 [CLIENT] [INFO] Setting user: TypeUsernameHere
2025-01-14 16:11:31 [CLIENT] [INFO] (Session ID is null)
2025-01-14 16:11:31 [CLIENT] [INFO] LWJGL Version: 2.9.0
2025-01-14 16:11:32 [CLIENT] [INFO] Reloading ResourceManager: Default
2025-01-14 16:11:44 [CLIENT] [SEVERE] Realms: Server not available!
2025-01-14 16:12:42 [CLIENT] [INFO] Stopping!
2025-01-14 16:18:41 [CLIENT] [INFO] Setting user: YourUsername
2025-01-14 16:18:41 [CLIENT] [INFO] (Session ID is null)
2025-01-14 16:18:41 [CLIENT] [INFO] LWJGL Version: 2.9.0
2025-01-14 16:18:41 [CLIENT] [INFO] Reloading ResourceManager: Default
2025-01-14 16:19:30 [CLIENT] [INFO] Setting user: YourUsername
2025-01-14 16:19:30 [CLIENT] [INFO] (Session ID is null)
2025-01-14 16:19:31 [CLIENT] [INFO] LWJGL Version: 2.9.0
2025-01-14 16:19:31 [CLIENT] [INFO] Reloading ResourceManager: Default
2025-01-14 16:20:19 [CLIENT] [INFO] Setting user: YourUsername
2025-01-14 16:20:19 [CLIENT] [INFO] (Session ID is null)
2025-01-14 16:20:19 [CLIENT] [INFO] LWJGL Version: 2.9.0
2025-01-14 16:20:19 [CLIENT] [INFO] Reloading ResourceManager: Default
2025-01-14 16:20:31 [CLIENT] [SEVERE] Realms: Server not available!
2025-01-14 16:20:47 [CLIENT] [INFO] Stopping!
2025-01-14 16:22:09 [CLIENT] [INFO] Setting user: YourUsername
2025-01-14 16:22:09 [CLIENT] [INFO] (Session ID is null)
2025-01-14 16:22:09 [CLIENT] [INFO] LWJGL Version: 2.9.0
2025-01-14 16:22:09 [CLIENT] [INFO] Reloading ResourceManager: Default
2025-01-14 16:22:14 [CLIENT] [INFO] Stopping!
2025-01-14 16:29:35 [CLIENT] [INFO] Setting user: YourUsername
2025-01-14 16:29:35 [CLIENT] [INFO] (Session ID is null)
2025-01-14 16:29:35 [CLIENT] [INFO] LWJGL Version: 2.9.0
2025-01-14 16:29:36 [CLIENT] [INFO] Reloading ResourceManager: Default
2025-01-14 16:29:41 [CLIENT] [INFO] Stopping!
2025-01-14 16:31:58 [CLIENT] [INFO] Setting user: YourUsername
2025-01-14 16:31:58 [CLIENT] [INFO] (Session ID is null)
2025-01-14 16:31:59 [CLIENT] [INFO] LWJGL Version: 2.9.1
2025-01-14 16:31:59 [CLIENT] [INFO] Reloading ResourceManager: Default
2025-01-14 16:32:11 [CLIENT] [SEVERE] Realms: Server not available!
2025-01-14 16:33:45 [CLIENT] [INFO] Stopping!
2025-01-14 16:34:20 [CLIENT] [INFO] Setting user: YourUsername
2025-01-14 16:34:20 [CLIENT] [INFO] (Session ID is null)
2025-01-14 16:34:20 [CLIENT] [INFO] LWJGL Version: 2.9.1
2025-01-14 16:34:20 [CLIENT] [INFO] Reloading ResourceManager: Default
2025-01-14 16:34:24 [CLIENT] [INFO] Stopping!
2025-01-14 16:35:45 [CLIENT] [INFO] Setting user: YourUsername
2025-01-14 16:35:45 [CLIENT] [INFO] (Session ID is null)
2025-01-14 16:35:45 [CLIENT] [INFO] LWJGL Version: 2.9.1
2025-01-14 16:35:45 [CLIENT] [INFO] Reloading ResourceManager: Default
2025-01-14 16:35:57 [CLIENT] [SEVERE] Realms: Server not available!
2025-01-14 16:41:32 [CLIENT] [INFO] Setting user: Type
2025-01-14 16:41:32 [CLIENT] [INFO] (Session ID is null)
2025-01-14 16:41:32 [CLIENT] [INFO] LWJGL Version: 2.9.1
2025-01-14 16:41:32 [CLIENT] [INFO] Reloading ResourceManager: Default
2025-01-14 16:41:34 [CLIENT] [INFO] Stopping!
2025-01-14 16:41:37 [CLIENT] [INFO] Setting user: Type
2025-01-14 16:41:37 [CLIENT] [INFO] (Session ID is null)
2025-01-14 16:41:37 [CLIENT] [INFO] LWJGL Version: 2.9.1
2025-01-14 16:41:38 [CLIENT] [INFO] Reloading ResourceManager: Default
2025-01-14 16:41:40 [CLIENT] [INFO] Stopping!
2025-01-14 16:41:44 [CLIENT] [INFO] Setting user: Type
2025-01-14 16:41:44 [CLIENT] [INFO] (Session ID is null)
2025-01-14 16:41:44 [CLIENT] [INFO] LWJGL Version: 2.9.1
2025-01-14 16:41:44 [CLIENT] [INFO] Reloading ResourceManager: Default
2025-01-14 16:41:45 [CLIENT] [SEVERE] Realms: Server not available!
2025-01-14 16:41:46 [CLIENT] [INFO] Stopping!
2025-01-14 16:42:41 [CLIENT] [INFO] Setting user: Type
2025-01-14 16:42:41 [CLIENT] [INFO] (Session ID is null)
2025-01-14 16:42:41 [CLIENT] [INFO] LWJGL Version: 2.9.1
2025-01-14 16:42:41 [CLIENT] [INFO] Reloading ResourceManager: Default
2025-01-14 16:42:43 [CLIENT] [INFO] Stopping!
